Not init distributed mode.
cfg:  {'task': 'detection', '_model': None, '_postprocessor': None, '_criterion': None, '_optimizer': None, '_lr_scheduler': None, '_lr_warmup_scheduler': None, '_train_dataloader': None, '_val_dataloader': None, '_ema': None, '_scaler': None, '_train_dataset': None, '_val_dataset': None, '_collate_fn': None, '_evaluator': None, '_writer': None, 'num_workers': 0, 'batch_size': None, '_train_batch_size': None, '_val_batch_size': None, '_train_shuffle': None, '_val_shuffle': None, 'resume': None, 'tuning': None, 'epoches': 5, 'last_epoch': -1, 'lrsheduler': 'flatcosine', 'lr_gamma': 0.5, 'no_aug_epoch': 1, 'warmup_iter': 200, 'flat_epoch': 2, 'use_amp': True, 'use_ema': True, 'ema_decay': 0.9999, 'ema_warmups': 2000, 'sync_bn': True, 'clip_max_norm': 0.0, 'find_unused_parameters': True, 'seed': 0, 'print_freq': 500, 'checkpoint_freq': 1, 'output_dir': './autoresearch/outputs/current_run', 'summary_dir': None, 'device': '', 'yaml_cfg': {'task': 'detection', 'evaluator': {'type': 'CocoEvaluator', 'iou_types': ['bbox']}, 'num_classes': 4, 'remap_mscoco_category': False, 'train_dataloader': {'type': 'DataLoader', 'dataset': {'type': 'CocoDetection', 'img_folder': 'D:\\AI\\Dataset\\20250731-ppe2286y\\train\\images', 'ann_file': 'D:\\AI\\Dataset\\20250731-ppe2286y\\train\\_annotations.coco.json', 'return_masks': False, 'transforms': {'type': 'Compose', 'ops': [{'type': 'Mosaic', 'output_size': 320, 'rotation_range': 10, 'translation_range': [0.1, 0.1], 'scaling_range': [0.5, 1.5], 'probability': 1.0, 'fill_value': 0, 'use_cache': True, 'max_cached_images': 50, 'random_pop': True}, {'type': 'RandomPhotometricDistort', 'p': 0.5}, {'type': 'RandomZoomOut', 'fill': 0}, {'type': 'RandomIoUCrop', 'p': 0.8}, {'type': 'SanitizeBoundingBoxes', 'min_size': 1}, {'type': 'RandomHorizontalFlip'}, {'type': 'Resize', 'size': [640, 640]}, {'type': 'SanitizeBoundingBoxes', 'min_size': 1}, {'type': 'ConvertPILImage', 'dtype': 'float32', 'scale': True}, {'type': 'ConvertBoxes', 'fmt': 'cxcywh', 'normalize': True}], 'policy': {'name': 'stop_epoch', 'epoch': [2, 3, 4], 'ops': ['Mosaic', 'RandomPhotometricDistort', 'RandomZoomOut', 'RandomIoUCrop']}, 'mosaic_prob': 0.5}}, 'shuffle': True, 'num_workers': 8, 'drop_last': True, 'total_batch_size': 8, 'collate_fn': {'type': 'BatchImageCollateFunction', 'mixup_prob': 0.5, 'mixup_epochs': [2, 3], 'copyblend_prob': 0.5, 'copyblend_epochs': [2, 4], 'stop_epoch': 4, 'area_threshold': 100, 'num_objects': 3, 'with_expand': True, 'expand_ratios': [0.1, 0.25], 'ema_restart_decay': 0.9998, 'base_size': 640, 'base_size_repeat': 3}}, 'val_dataloader': {'type': 'DataLoader', 'dataset': {'type': 'CocoDetection', 'img_folder': 'D:\\AI\\Dataset\\20250731-ppe2286y\\valid\\images', 'ann_file': 'D:\\AI\\Dataset\\20250731-ppe2286y\\valid\\_annotations.coco.json', 'return_masks': False, 'transforms': {'type': 'Compose', 'ops': [{'type': 'Resize', 'size': [640, 640]}, {'type': 'ConvertPILImage', 'dtype': 'float32', 'scale': True}]}}, 'shuffle': False, 'num_workers': 8, 'drop_last': False, 'total_batch_size': 8, 'collate_fn': {'type': 'BatchImageCollateFunction'}}, 'print_freq': 500, 'output_dir': './autoresearch/outputs/current_run', 'checkpoint_freq': 1, 'sync_bn': True, 'find_unused_parameters': True, 'use_amp': True, 'scaler': {'type': 'GradScaler', 'enabled': True}, 'use_ema': True, 'ema': {'type': 'ModelEMA', 'decay': 0.9999, 'warmups': 2000}, '__include__': ['../configs/dataset/helmet_detection2_gpu.yml', '../configs/runtime.yml'], 'model': 'DEIM', 'criterion': 'DEIMCriterion', 'postprocessor': 'PostProcessor', 'use_focal_loss': True, 'epoches': 5, 'flat_epoch': 2, 'no_aug_epoch': 1, 'lrsheduler': 'flatcosine', 'lr_gamma': 0.5, 'warmup_iter': 200, 'eval_spatial_size': [640, 640], 'DEIM': {'backbone': 'HGNetv2', 'encoder': 'HybridEncoder', 'decoder': 'DEIMTransformer'}, 'HGNetv2': {'name': 'B5', 'return_idx': [1, 2, 3], 'freeze_at': -1, 'freeze_stem_only': True, 'freeze_norm': False, 'pretrained': True, 'local_model_dir': './weight/hgnetv2/', 'use_lab': True}, 'HybridEncoder': {'in_channels': [512, 1024, 2048], 'feat_strides': [8, 16, 32], 'hidden_dim': 384, 'use_encoder_idx': [2], 'num_encoder_layers': 1, 'nhead': 8, 'dim_feedforward': 2048, 'dropout': 0.0, 'enc_act': 'gelu', 'expansion': 1.0, 'depth_mult': 1.0, 'act': 'silu', 'version': 'deim', 'csp_type': 'csp2', 'fuse_op': 'sum'}, 'DEIMTransformer': {'feat_channels': [384, 384, 384], 'feat_strides': [8, 16, 32], 'hidden_dim': 384, 'num_levels': 3, 'num_layers': 6, 'eval_idx': -1, 'num_queries': 300, 'num_denoising': 100, 'label_noise_ratio': 0.5, 'box_noise_scale': 1.0, 'reg_max': 32, 'reg_scale': 8, 'layer_scale': 1, 'num_points': [3, 6, 3], 'cross_attn_method': 'default', 'query_select_method': 'default', 'activation': 'silu', 'mlp_act': 'silu', 'dim_feedforward': 2048, 'eval_spatial_size': [640, 640]}, 'PostProcessor': {'num_top_queries': 300}, 'optimizer': {'type': 'AdamW', 'params': [{'params': '^(?=.*backbone)(?!.*norm|bn).*$', 'lr': 1e-05}, {'params': '^(?=.*backbone)(?=.*norm|bn).*$', 'lr': 1e-05, 'weight_decay': 0.0}, {'params': '^(?=.*(?:encoder|decoder))(?=.*(?:norm|bn|bias)).*$', 'weight_decay': 0.0}], 'lr': 0.0002, 'betas': [0.9, 0.999], 'weight_decay': 0.0001}, 'DEIMCriterion': {'weight_dict': {'loss_mal': 1, 'loss_bbox': 5, 'loss_giou': 2, 'loss_fgl': 0.15, 'loss_ddf': 1.5}, 'losses': ['mal', 'boxes', 'local'], 'gamma': 1.5, 'alpha': 0.75, 'reg_max': 32, 'matcher': {'type': 'HungarianMatcher', 'weight_dict': {'cost_class': 2, 'cost_bbox': 5, 'cost_giou': 2}, 'alpha': 0.25, 'gamma': 2.0, 'change_matcher': True, 'iou_order_alpha': 4.0, 'matcher_change_epoch': 4}}, 'config': 'D:\\AI\\Git\\DEIMv2\\autoresearch\\micro_config.yml', 'seed': 0, 'test_only': False, 'print_method': 'builtin', 'print_rank': 0}}
        ### Backbone.act: relu ###     
        ### Backbone.act: relu ###     
D:\AI\Git\DEIMv2\engine\backbone\hgnetv2.py:558: FutureWarning: You are using `torch.load` with `weights_only=False` (the current default value), which uses the default pickle module implicitly. It is possible to construct malicious pickle data which will execute arbitrary code during unpickling (See https://github.com/pytorch/pytorch/blob/main/SECURITY.md#untrusted-models for more details). In a future release, the default value for `weights_only` will be flipped to `True`. This limits the functions that could be executed during unpickling. Arbitrary objects will no longer be allowed to be loaded via this mode unless they are explicitly allowlisted by the user via `torch.serialization.add_safe_globals`. We recommend you start setting `weights_only=True` for any use case where you don't have full control of the loaded file. Please open an issue on GitHub for any issues related to this experimental feature.
  state = torch.load(model_path, map_location='cpu')
Loaded stage1 B5 HGNetV2 from local file.
Missing keys (expected with use_lab=True): ['stem.stem1.lab.scale', 'stem.stem1.lab.bias', 'stem.stem2a.lab.scale', 'stem.stem2a.lab.bias', 'stem.stem2b.lab.scale', 'stem.stem2b.lab.bias', 'stem.stem3.lab.scale', 'stem.stem3.lab.bias', 'stem.stem4.lab.scale', 'stem.stem4.lab.bias', 'stages.0.blocks.0.layers.0.lab.scale', 'stages.0.blocks.0.layers.0.lab.bias', 'stages.0.blocks.0.layers.1.lab.scale', 'stages.0.blocks.0.layers.1.lab.bias', 'stages.0.blocks.0.layers.2.lab.scale', 'stages.0.blocks.0.layers.2.lab.bias', 'stages.0.blocks.0.layers.3.lab.scale', 'stages.0.blocks.0.layers.3.lab.bias', 'stages.0.blocks.0.layers.4.lab.scale', 'stages.0.blocks.0.layers.4.lab.bias', 'stages.0.blocks.0.layers.5.lab.scale', 'stages.0.blocks.0.layers.5.lab.bias', 'stages.0.blocks.0.aggregation.0.lab.scale', 'stages.0.blocks.0.aggregation.0.lab.bias', 'stages.0.blocks.0.aggregation.1.lab.scale', 'stages.0.blocks.0.aggregation.1.lab.bias', 'stages.1.blocks.0.layers.0.lab.scale', 'stages.1.blocks.0.layers.0.lab.bias', 'stages.1.blocks.0.layers.1.lab.scale', 'stages.1.blocks.0.layers.1.lab.bias', 'stages.1.blocks.0.layers.2.lab.scale', 'stages.1.blocks.0.layers.2.lab.bias', 'stages.1.blocks.0.layers.3.lab.scale', 'stages.1.blocks.0.layers.3.lab.bias', 'stages.1.blocks.0.layers.4.lab.scale', 'stages.1.blocks.0.layers.4.lab.bias', 'stages.1.blocks.0.layers.5.lab.scale', 'stages.1.blocks.0.layers.5.lab.bias', 'stages.1.blocks.0.aggregation.0.lab.scale', 'stages.1.blocks.0.aggregation.0.lab.bias', 'stages.1.blocks.0.aggregation.1.lab.scale', 'stages.1.blocks.0.aggregation.1.lab.bias', 'stages.1.blocks.1.layers.0.lab.scale', 'stages.1.blocks.1.layers.0.lab.bias', 'stages.1.blocks.1.layers.1.lab.scale', 'stages.1.blocks.1.layers.1.lab.bias', 'stages.1.blocks.1.layers.2.lab.scale', 'stages.1.blocks.1.layers.2.lab.bias', 'stages.1.blocks.1.layers.3.lab.scale', 'stages.1.blocks.1.layers.3.lab.bias', 'stages.1.blocks.1.layers.4.lab.scale', 'stages.1.blocks.1.layers.4.lab.bias', 'stages.1.blocks.1.layers.5.lab.scale', 'stages.1.blocks.1.layers.5.lab.bias', 'stages.1.blocks.1.aggregation.0.lab.scale', 'stages.1.blocks.1.aggregation.0.lab.bias', 'stages.1.blocks.1.aggregation.1.lab.scale', 'stages.1.blocks.1.aggregation.1.lab.bias', 'stages.2.blocks.0.layers.0.conv2.lab.scale', 'stages.2.blocks.0.layers.0.conv2.lab.bias', 'stages.2.blocks.0.layers.1.conv2.lab.scale', 'stages.2.blocks.0.layers.1.conv2.lab.bias', 'stages.2.blocks.0.layers.2.conv2.lab.scale', 'stages.2.blocks.0.layers.2.conv2.lab.bias', 'stages.2.blocks.0.layers.3.conv2.lab.scale', 'stages.2.blocks.0.layers.3.conv2.lab.bias', 'stages.2.blocks.0.layers.4.conv2.lab.scale', 'stages.2.blocks.0.layers.4.conv2.lab.bias', 'stages.2.blocks.0.layers.5.conv2.lab.scale', 'stages.2.blocks.0.layers.5.conv2.lab.bias', 'stages.2.blocks.0.aggregation.0.lab.scale', 'stages.2.blocks.0.aggregation.0.lab.bias', 'stages.2.blocks.0.aggregation.1.lab.scale', 'stages.2.blocks.0.aggregation.1.lab.bias', 'stages.2.blocks.1.layers.0.conv2.lab.scale', 'stages.2.blocks.1.layers.0.conv2.lab.bias', 'stages.2.blocks.1.layers.1.conv2.lab.scale', 'stages.2.blocks.1.layers.1.conv2.lab.bias', 'stages.2.blocks.1.layers.2.conv2.lab.scale', 'stages.2.blocks.1.layers.2.conv2.lab.bias', 'stages.2.blocks.1.layers.3.conv2.lab.scale', 'stages.2.blocks.1.layers.3.conv2.lab.bias', 'stages.2.blocks.1.layers.4.conv2.lab.scale', 'stages.2.blocks.1.layers.4.conv2.lab.bias', 'stages.2.blocks.1.layers.5.conv2.lab.scale', 'stages.2.blocks.1.layers.5.conv2.lab.bias', 'stages.2.blocks.1.aggregation.0.lab.scale', 'stages.2.blocks.1.aggregation.0.lab.bias', 'stages.2.blocks.1.aggregation.1.lab.scale', 'stages.2.blocks.1.aggregation.1.lab.bias', 'stages.2.blocks.2.layers.0.conv2.lab.scale', 'stages.2.blocks.2.layers.0.conv2.lab.bias', 'stages.2.blocks.2.layers.1.conv2.lab.scale', 'stages.2.blocks.2.layers.1.conv2.lab.bias', 'stages.2.blocks.2.layers.2.conv2.lab.scale', 'stages.2.blocks.2.layers.2.conv2.lab.bias', 'stages.2.blocks.2.layers.3.conv2.lab.scale', 'stages.2.blocks.2.layers.3.conv2.lab.bias', 'stages.2.blocks.2.layers.4.conv2.lab.scale', 'stages.2.blocks.2.layers.4.conv2.lab.bias', 'stages.2.blocks.2.layers.5.conv2.lab.scale', 'stages.2.blocks.2.layers.5.conv2.lab.bias', 'stages.2.blocks.2.aggregation.0.lab.scale', 'stages.2.blocks.2.aggregation.0.lab.bias', 'stages.2.blocks.2.aggregation.1.lab.scale', 'stages.2.blocks.2.aggregation.1.lab.bias', 'stages.2.blocks.3.layers.0.conv2.lab.scale', 'stages.2.blocks.3.layers.0.conv2.lab.bias', 'stages.2.blocks.3.layers.1.conv2.lab.scale', 'stages.2.blocks.3.layers.1.conv2.lab.bias', 'stages.2.blocks.3.layers.2.conv2.lab.scale', 'stages.2.blocks.3.layers.2.conv2.lab.bias', 'stages.2.blocks.3.layers.3.conv2.lab.scale', 'stages.2.blocks.3.layers.3.conv2.lab.bias', 'stages.2.blocks.3.layers.4.conv2.lab.scale', 'stages.2.blocks.3.layers.4.conv2.lab.bias', 'stages.2.blocks.3.layers.5.conv2.lab.scale', 'stages.2.blocks.3.layers.5.conv2.lab.bias', 'stages.2.blocks.3.aggregation.0.lab.scale', 'stages.2.blocks.3.aggregation.0.lab.bias', 'stages.2.blocks.3.aggregation.1.lab.scale', 'stages.2.blocks.3.aggregation.1.lab.bias', 'stages.2.blocks.4.layers.0.conv2.lab.scale', 'stages.2.blocks.4.layers.0.conv2.lab.bias', 'stages.2.blocks.4.layers.1.conv2.lab.scale', 'stages.2.blocks.4.layers.1.conv2.lab.bias', 'stages.2.blocks.4.layers.2.conv2.lab.scale', 'stages.2.blocks.4.layers.2.conv2.lab.bias', 'stages.2.blocks.4.layers.3.conv2.lab.scale', 'stages.2.blocks.4.layers.3.conv2.lab.bias', 'stages.2.blocks.4.layers.4.conv2.lab.scale', 'stages.2.blocks.4.layers.4.conv2.lab.bias', 'stages.2.blocks.4.layers.5.conv2.lab.scale', 'stages.2.blocks.4.layers.5.conv2.lab.bias', 'stages.2.blocks.4.aggregation.0.lab.scale', 'stages.2.blocks.4.aggregation.0.lab.bias', 'stages.2.blocks.4.aggregation.1.lab.scale', 'stages.2.blocks.4.aggregation.1.lab.bias', 'stages.3.blocks.0.layers.0.conv2.lab.scale', 'stages.3.blocks.0.layers.0.conv2.lab.bias', 'stages.3.blocks.0.layers.1.conv2.lab.scale', 'stages.3.blocks.0.layers.1.conv2.lab.bias', 'stages.3.blocks.0.layers.2.conv2.lab.scale', 'stages.3.blocks.0.layers.2.conv2.lab.bias', 'stages.3.blocks.0.layers.3.conv2.lab.scale', 'stages.3.blocks.0.layers.3.conv2.lab.bias', 'stages.3.blocks.0.layers.4.conv2.lab.scale', 'stages.3.blocks.0.layers.4.conv2.lab.bias', 'stages.3.blocks.0.layers.5.conv2.lab.scale', 'stages.3.blocks.0.layers.5.conv2.lab.bias', 'stages.3.blocks.0.aggregation.0.lab.scale', 'stages.3.blocks.0.aggregation.0.lab.bias', 'stages.3.blocks.0.aggregation.1.lab.scale', 'stages.3.blocks.0.aggregation.1.lab.bias', 'stages.3.blocks.1.layers.0.conv2.lab.scale', 'stages.3.blocks.1.layers.0.conv2.lab.bias', 'stages.3.blocks.1.layers.1.conv2.lab.scale', 'stages.3.blocks.1.layers.1.conv2.lab.bias', 'stages.3.blocks.1.layers.2.conv2.lab.scale', 'stages.3.blocks.1.layers.2.conv2.lab.bias', 'stages.3.blocks.1.layers.3.conv2.lab.scale', 'stages.3.blocks.1.layers.3.conv2.lab.bias', 'stages.3.blocks.1.layers.4.conv2.lab.scale', 'stages.3.blocks.1.layers.4.conv2.lab.bias', 'stages.3.blocks.1.layers.5.conv2.lab.scale', 'stages.3.blocks.1.layers.5.conv2.lab.bias', 'stages.3.blocks.1.aggregation.0.lab.scale', 'stages.3.blocks.1.aggregation.0.lab.bias', 'stages.3.blocks.1.aggregation.1.lab.scale', 'stages.3.blocks.1.aggregation.1.lab.bias']
     --- Use Gateway@True ---
     --- Use Share Bbox Head@False ---
     --- Use Share Score Head@False ---
     --- Wide Layer@1 ---
Using the new matching cost with iou_order_alpha = 4.0 at epoch 4
D:\AI\Git\DEIMv2\engine\core\workspace.py:177: FutureWarning: `torch.cuda.amp.GradScaler(args...)` is deprecated. Please use `torch.amp.GradScaler('cuda', args...)` instead.
  return module(**module_kwargs)
D:\Env\Python\3.11.4\Lib\site-packages\torch\amp\grad_scaler.py:132: UserWarning: torch.cuda.amp.GradScaler is enabled, but CUDA is not available.  Disabling.
  warnings.warn(
building train_dataloader with batch_size=8...
     ### Transform @Mosaic ###    
     ### Transform @RandomPhotometricDistort ###    
     ### Transform @RandomZoomOut ###    
     ### Transform @RandomIoUCrop ###    
     ### Transform @SanitizeBoundingBoxes ###    
     ### Transform @RandomHorizontalFlip ###    
     ### Transform @Resize ###    
     ### Transform @SanitizeBoundingBoxes ###    
     ### Transform @ConvertPILImage ###    
     ### Transform @ConvertBoxes ###    
     ### Mosaic with Prob.@0.5 and ZoomOut/IoUCrop existed ### 
     ### ImgTransforms Epochs: [2, 3, 4] ### 
     ### Policy_ops@['Mosaic', 'RandomPhotometricDistort', 'RandomZoomOut', 'RandomIoUCrop'] ###
Traceback (most recent call last):
  File "D:\AI\Git\DEIMv2\train.py", line 87, in <module>
    main(args)
  File "D:\AI\Git\DEIMv2\train.py", line 57, in main
    solver.fit()
  File "D:\AI\Git\DEIMv2\engine\solver\det_solver.py", line 25, in fit
    self.train()
  File "D:\AI\Git\DEIMv2\engine\solver\_solver.py", line 87, in train
    self.cfg.train_dataloader, shuffle=self.cfg.train_dataloader.shuffle
    ^^^^^^^^^^^^^^^^^^^^^^^^^
  File "D:\AI\Git\DEIMv2\engine\core\yaml_config.py", line 76, in train_dataloader
    self._train_dataloader = self.build_dataloader('train_dataloader')
                             ^^^^^^^^^^^^^^^^^^^^^^^^^^^^^^^^^^^^^^^^^
  File "D:\AI\Git\DEIMv2\engine\core\yaml_config.py", line 172, in build_dataloader
    loader = create(name, global_cfg, batch_size=bs)
             ^^^^^^^^^^^^^^^^^^^^^^^^^^^^^^^^^^^^^^^
  File "D:\AI\Git\DEIMv2\engine\core\workspace.py", line 119, in create
    return create(name, global_cfg)
           ^^^^^^^^^^^^^^^^^^^^^^^^
  File "D:\AI\Git\DEIMv2\engine\core\workspace.py", line 166, in create
    module_kwargs[k] = create(name, global_cfg)
                       ^^^^^^^^^^^^^^^^^^^^^^^^
  File "D:\AI\Git\DEIMv2\engine\core\workspace.py", line 177, in create
    return module(**module_kwargs)
           ^^^^^^^^^^^^^^^^^^^^^^^
  File "D:\AI\Git\DEIMv2\engine\data\dataset\coco_dataset.py", line 33, in __init__
    super(CocoDetection, self).__init__(img_folder, ann_file)
  File "D:\Env\Python\3.11.4\Lib\site-packages\torchvision\datasets\coco.py", line 37, in __init__
    self.coco = COCO(annFile)
                ^^^^^^^^^^^^^
  File "D:\Env\Python\3.11.4\Lib\site-packages\faster_coco_eval\core\coco.py", line 64, in __init__
    self.dataset = COCO.load_json(annotation_file, self.use_deepcopy)
                   ^^^^^^^^^^^^^^^^^^^^^^^^^^^^^^^^^^^^^^^^^^^^^^^^^^
  File "D:\Env\Python\3.11.4\Lib\site-packages\faster_coco_eval\core\coco.py", line 325, in load_json
    with open(json_file) as io:
         ^^^^^^^^^^^^^^^
FileNotFoundError: [Errno 2] No such file or directory: 'D:\\AI\\Dataset\\20250731-ppe2286y\\train\\_annotations.coco.json'
